  Building Custom Rule E:/jpeg_VS2022/CMakeLists.txt
  jcapistd.c
  jccolor.c
  jcdiffct.c
  jclossls.c
  jcmainct.c
  jcprepct.c
  jcsample.c
  jdapistd.c
  jdcolor.c
  jddiffct.c
  jdlossls.c
  jdmainct.c
  jdpostct.c
  jdsample.c
  jutils.c
  jccoefct.c
  jcdctmgr.c
  jdcoefct.c
  jddctmgr.c
  jdmerge.c
  正在生成代码...
  正在编译...
  jfdctfst.c
  jfdctint.c
  jidctflt.c
  jidctfst.c
  jidctint.c
  jidctred.c
  jquant1.c
  jquant2.c
  正在生成代码...
  jpeg12.vcxproj -> E:\jpeg_VS2022\build\jpeg12.dir\Release\jpeg12.lib
