  Building Custom Rule E:/jpeg_VS2022/sharedlib/CMakeLists.txt
  jcapistd.c
  jccolor.c
  jcdiffct.c
  jclossls.c
  jcmainct.c
  jcprepct.c
  jcsample.c
  jdapistd.c
  jdcolor.c
  jddiffct.c
  jdlossls.c
  jdmainct.c
  jdpostct.c
  jdsample.c
  jutils.c
  jccoefct.c
  jcdctmgr.c
  jdcoefct.c
  jddctmgr.c
  jdmerge.c
  正在生成代码...
  正在编译...
  jfdctfst.c
  jfdctint.c
  jidctflt.c
  jidctfst.c
  jidctint.c
  jidctred.c
  jquant1.c
  jquant2.c
  jcapimin.c
  jchuff.c
  jcicc.c
  jcinit.c
  jclhuff.c
  jcmarker.c
  jcmaster.c
  jcomapi.c
  jcparam.c
  jcphuff.c
  jctrans.c
  jdapimin.c
  正在生成代码...
  正在编译...
  jdatadst.c
  jdatasrc.c
  jdhuff.c
  jdicc.c
  jdinput.c
  jdlhuff.c
  jdmarker.c
  jdmaster.c
  jdphuff.c
  jdtrans.c
  jerror.c
  jfdctflt.c
  jmemmgr.c
  jmemnobs.c
  jpeg_nbits.c
  jaricom.c
  jcarith.c
  jdarith.c
  正在生成代码...
    正在创建库 E:/jpeg_VS2022/build/Release/jpeg.lib 和对象 E:/jpeg_VS2022/build/Release/jpeg.exp
  jpeg.vcxproj -> E:\jpeg_VS2022\build\Release\jpeg62.dll
