  1>Generating Release/jccolor-avx2.asm.obj
  7>Generating Release/jcsample-avx2.asm.obj
  11>Generating Release/jdmerge-avx2.asm.obj
  12>Generating Release/jdmerge-sse2.asm.obj
  4>Generating Release/jcgray-avx2.asm.obj
  6>Generating Release/jcphuff-sse2.asm.obj
  16>Generating Release/jfdctfst-sse2.asm.obj
  3>Generating Release/jccolor-sse2.asm.obj
  10>Generating Release/jdcolor-sse2.asm.obj
  13>Generating Release/jdsample-avx2.asm.obj
  14>Generating Release/jdsample-sse2.asm.obj
  8>Generating Release/jcsample-sse2.asm.obj
  9>Generating Release/jdcolor-avx2.asm.obj
  5>Generating Release/jchuff-sse2.asm.obj
  15>Generating Release/jfdctflt-sse.asm.obj
  2>Generating Release/jcgray-sse2.asm.obj
  7>Generating Release/jfdctint-avx2.asm.obj
  12>Generating Release/jidctflt-sse2.asm.obj
  1>Generating Release/jfdctint-sse2.asm.obj
  11>Generating Release/jidctfst-sse2.asm.obj
  4>Generating Release/jidctint-avx2.asm.obj
  16>Generating Release/jidctred-sse2.asm.obj
  6>Generating Release/jidctint-sse2.asm.obj
  13>Generating Release/jquantf-sse2.asm.obj
  14>Generating Release/jquanti-avx2.asm.obj
  3>Generating Release/jquanti-sse2.asm.obj
  8>Generating Release/jsimdcpu.asm.obj
