e:\jpeg_vs2022\build\jpeg12-static.dir\debug\jpeg12-static.pdb
e:\jpeg_vs2022\build\jpeg12-static.dir\debug\jdmerge.obj
e:\jpeg_vs2022\build\jpeg12-static.dir\debug\jddctmgr.obj
e:\jpeg_vs2022\build\jpeg12-static.dir\debug\jdcoefct.obj
e:\jpeg_vs2022\build\jpeg12-static.dir\debug\jcdctmgr.obj
e:\jpeg_vs2022\build\jpeg12-static.dir\debug\jccoefct.obj
e:\jpeg_vs2022\build\jpeg12-static.dir\debug\jutils.obj
e:\jpeg_vs2022\build\jpeg12-static.dir\debug\jdsample.obj
e:\jpeg_vs2022\build\jpeg12-static.dir\debug\jdpostct.obj
e:\jpeg_vs2022\build\jpeg12-static.dir\debug\jdmainct.obj
e:\jpeg_vs2022\build\jpeg12-static.dir\debug\jdlossls.obj
e:\jpeg_vs2022\build\jpeg12-static.dir\debug\jddiffct.obj
e:\jpeg_vs2022\build\jpeg12-static.dir\debug\jdcolor.obj
e:\jpeg_vs2022\build\jpeg12-static.dir\debug\jdapistd.obj
e:\jpeg_vs2022\build\jpeg12-static.dir\debug\jcsample.obj
e:\jpeg_vs2022\build\jpeg12-static.dir\debug\jcprepct.obj
e:\jpeg_vs2022\build\jpeg12-static.dir\debug\jcmainct.obj
e:\jpeg_vs2022\build\jpeg12-static.dir\debug\jclossls.obj
e:\jpeg_vs2022\build\jpeg12-static.dir\debug\jcdiffct.obj
e:\jpeg_vs2022\build\jpeg12-static.dir\debug\jccolor.obj
e:\jpeg_vs2022\build\jpeg12-static.dir\debug\jcapistd.obj
e:\jpeg_vs2022\build\jpeg12-static.dir\debug\jquant2.obj
e:\jpeg_vs2022\build\jpeg12-static.dir\debug\jquant1.obj
e:\jpeg_vs2022\build\jpeg12-static.dir\debug\jidctred.obj
e:\jpeg_vs2022\build\jpeg12-static.dir\debug\jidctint.obj
e:\jpeg_vs2022\build\jpeg12-static.dir\debug\jidctfst.obj
e:\jpeg_vs2022\build\jpeg12-static.dir\debug\jidctflt.obj
e:\jpeg_vs2022\build\jpeg12-static.dir\debug\jfdctint.obj
e:\jpeg_vs2022\build\jpeg12-static.dir\debug\jfdctfst.obj
e:\jpeg_vs2022\build\cmakefiles\generate.stamp
e:\jpeg_vs2022\build\jpeg12-static.dir\debug\jpeg12-static.lib
e:\jpeg_vs2022\build\jpeg12-static.dir\debug\jpeg12-static.tlog\cl.command.1.tlog
e:\jpeg_vs2022\build\jpeg12-static.dir\debug\jpeg12-static.tlog\cl.items.tlog
e:\jpeg_vs2022\build\jpeg12-static.dir\debug\jpeg12-static.tlog\cl.read.1.tlog
e:\jpeg_vs2022\build\jpeg12-static.dir\debug\jpeg12-static.tlog\cl.write.1.tlog
e:\jpeg_vs2022\build\jpeg12-static.dir\debug\jpeg12-static.tlog\custombuild.command.1.tlog
e:\jpeg_vs2022\build\jpeg12-static.dir\debug\jpeg12-static.tlog\custombuild.read.1.tlog
e:\jpeg_vs2022\build\jpeg12-static.dir\debug\jpeg12-static.tlog\custombuild.write.1.tlog
e:\jpeg_vs2022\build\jpeg12-static.dir\debug\jpeg12-static.tlog\lib-link.read.1.tlog
e:\jpeg_vs2022\build\jpeg12-static.dir\debug\jpeg12-static.tlog\lib-link.write.1.tlog
e:\jpeg_vs2022\build\jpeg12-static.dir\debug\jpeg12-static.tlog\lib.command.1.tlog
