e:\jpeg_vs2022\build\jpeg16.dir\debug\jpeg16.pdb
e:\jpeg_vs2022\build\jpeg16.dir\debug\jutils.obj
e:\jpeg_vs2022\build\jpeg16.dir\debug\jdsample.obj
e:\jpeg_vs2022\build\jpeg16.dir\debug\jdpostct.obj
e:\jpeg_vs2022\build\jpeg16.dir\debug\jdmainct.obj
e:\jpeg_vs2022\build\jpeg16.dir\debug\jdlossls.obj
e:\jpeg_vs2022\build\jpeg16.dir\debug\jddiffct.obj
e:\jpeg_vs2022\build\jpeg16.dir\debug\jdcolor.obj
e:\jpeg_vs2022\build\jpeg16.dir\debug\jdapistd.obj
e:\jpeg_vs2022\build\jpeg16.dir\debug\jcsample.obj
e:\jpeg_vs2022\build\jpeg16.dir\debug\jcprepct.obj
e:\jpeg_vs2022\build\jpeg16.dir\debug\jcmainct.obj
e:\jpeg_vs2022\build\jpeg16.dir\debug\jclossls.obj
e:\jpeg_vs2022\build\jpeg16.dir\debug\jcdiffct.obj
e:\jpeg_vs2022\build\jpeg16.dir\debug\jccolor.obj
e:\jpeg_vs2022\build\jpeg16.dir\debug\jcapistd.obj
e:\jpeg_vs2022\build\cmakefiles\generate.stamp
e:\jpeg_vs2022\build\jpeg16.dir\debug\jpeg16.lib
e:\jpeg_vs2022\build\jpeg16.dir\debug\jpeg16.tlog\cl.command.1.tlog
e:\jpeg_vs2022\build\jpeg16.dir\debug\jpeg16.tlog\cl.items.tlog
e:\jpeg_vs2022\build\jpeg16.dir\debug\jpeg16.tlog\cl.read.1.tlog
e:\jpeg_vs2022\build\jpeg16.dir\debug\jpeg16.tlog\cl.write.1.tlog
e:\jpeg_vs2022\build\jpeg16.dir\debug\jpeg16.tlog\custombuild.command.1.tlog
e:\jpeg_vs2022\build\jpeg16.dir\debug\jpeg16.tlog\custombuild.read.1.tlog
e:\jpeg_vs2022\build\jpeg16.dir\debug\jpeg16.tlog\custombuild.write.1.tlog
e:\jpeg_vs2022\build\jpeg16.dir\debug\jpeg16.tlog\lib-link.read.1.tlog
e:\jpeg_vs2022\build\jpeg16.dir\debug\jpeg16.tlog\lib-link.write.1.tlog
e:\jpeg_vs2022\build\jpeg16.dir\debug\jpeg16.tlog\lib.command.1.tlog
