e:\jpeg_vs2022\build\simd\debug\jccolor-avx2.asm.obj
e:\jpeg_vs2022\build\simd\debug\jccolor-sse2.asm.obj
e:\jpeg_vs2022\build\simd\debug\jcgray-avx2.asm.obj
e:\jpeg_vs2022\build\simd\debug\jcgray-sse2.asm.obj
e:\jpeg_vs2022\build\simd\debug\jchuff-sse2.asm.obj
e:\jpeg_vs2022\build\simd\debug\jcphuff-sse2.asm.obj
e:\jpeg_vs2022\build\simd\debug\jcsample-avx2.asm.obj
e:\jpeg_vs2022\build\simd\debug\jcsample-sse2.asm.obj
e:\jpeg_vs2022\build\simd\debug\jdcolor-avx2.asm.obj
e:\jpeg_vs2022\build\simd\debug\jdcolor-sse2.asm.obj
e:\jpeg_vs2022\build\simd\debug\jdmerge-avx2.asm.obj
e:\jpeg_vs2022\build\simd\debug\jdmerge-sse2.asm.obj
e:\jpeg_vs2022\build\simd\debug\jdsample-avx2.asm.obj
e:\jpeg_vs2022\build\simd\debug\jdsample-sse2.asm.obj
e:\jpeg_vs2022\build\simd\debug\jfdctflt-sse.asm.obj
e:\jpeg_vs2022\build\simd\debug\jfdctfst-sse2.asm.obj
e:\jpeg_vs2022\build\simd\debug\jfdctint-avx2.asm.obj
e:\jpeg_vs2022\build\simd\debug\jfdctint-sse2.asm.obj
e:\jpeg_vs2022\build\simd\debug\jidctflt-sse2.asm.obj
e:\jpeg_vs2022\build\simd\debug\jidctfst-sse2.asm.obj
e:\jpeg_vs2022\build\simd\debug\jidctint-avx2.asm.obj
e:\jpeg_vs2022\build\simd\debug\jidctint-sse2.asm.obj
e:\jpeg_vs2022\build\simd\debug\jidctred-sse2.asm.obj
e:\jpeg_vs2022\build\simd\debug\jquantf-sse2.asm.obj
e:\jpeg_vs2022\build\simd\debug\jquanti-avx2.asm.obj
e:\jpeg_vs2022\build\simd\debug\jquanti-sse2.asm.obj
e:\jpeg_vs2022\build\simd\debug\jsimdcpu.asm.obj
e:\jpeg_vs2022\build\simd\cmakefiles\simd-objs
e:\jpeg_vs2022\build\simd\cmakefiles\generate.stamp
e:\jpeg_vs2022\build\simd\x64\debug\simd-objs\simd-objs.tlog\custombuild.command.1.tlog
e:\jpeg_vs2022\build\simd\x64\debug\simd-objs\simd-objs.tlog\custombuild.read.1.tlog
e:\jpeg_vs2022\build\simd\x64\debug\simd-objs\simd-objs.tlog\custombuild.write.1.tlog
