  10>Generating Debug/jdcolor-sse2.asm.obj
  11>Generating Debug/jdmerge-avx2.asm.obj
  13>Generating Debug/jdsample-avx2.asm.obj
  3>Generating Debug/jccolor-sse2.asm.obj
  12>Generating Debug/jdmerge-sse2.asm.obj
  8>Generating Debug/jcsample-sse2.asm.obj
  2>Generating Debug/jcgray-avx2.asm.obj
  7>Generating Debug/jcsample-avx2.asm.obj
  16>Generating Debug/jfdctfst-sse2.asm.obj
  14>Generating Debug/jdsample-sse2.asm.obj
  4>Generating Debug/jcgray-sse2.asm.obj
  9>Generating Debug/jdcolor-avx2.asm.obj
  6>Generating Debug/jcphuff-sse2.asm.obj
  1>Generating Debug/jccolor-avx2.asm.obj
  5>Generating Debug/jchuff-sse2.asm.obj
  15>Generating Debug/jfdctflt-sse.asm.obj
  10>Generating Debug/jfdctint-sse2.asm.obj
  13>Generating Debug/jfdctint-avx2.asm.obj
  8>Generating Debug/jidctfst-sse2.asm.obj
  11>Generating Debug/jidctflt-sse2.asm.obj
  3>Generating Debug/jidctint-avx2.asm.obj
  7>Generating Debug/jidctint-sse2.asm.obj
  12>Generating Debug/jidctred-sse2.asm.obj
  16>Generating Debug/jquantf-sse2.asm.obj
  2>Generating Debug/jquanti-avx2.asm.obj
  14>Generating Debug/jquanti-sse2.asm.obj
  4>Generating Debug/jsimdcpu.asm.obj
