e:\jpeg_vs2022\build\sharedlib\djpeg.dir\debug\vc143.pdb
e:\jpeg_vs2022\build\sharedlib\djpeg.dir\debug\wrtarga.obj
e:\jpeg_vs2022\build\sharedlib\djpeg.dir\debug\wrppm.obj
e:\jpeg_vs2022\build\sharedlib\djpeg.dir\debug\wrgif.obj
e:\jpeg_vs2022\build\sharedlib\djpeg.dir\debug\wrbmp.obj
e:\jpeg_vs2022\build\sharedlib\djpeg.dir\debug\rdswitch.obj
e:\jpeg_vs2022\build\sharedlib\djpeg.dir\debug\rdcolmap.obj
e:\jpeg_vs2022\build\sharedlib\djpeg.dir\debug\cdjpeg.obj
e:\jpeg_vs2022\build\sharedlib\djpeg.dir\debug\djpeg.obj
e:\jpeg_vs2022\build\sharedlib\cmakefiles\generate.stamp
e:\jpeg_vs2022\build\sharedlib\djpeg.dir\debug\djpeg.ilk
e:\jpeg_vs2022\build\debug\djpeg.exe
e:\jpeg_vs2022\build\debug\djpeg.pdb
e:\jpeg_vs2022\build\sharedlib\djpeg.dir\debug\djpeg.tlog\cl.command.1.tlog
e:\jpeg_vs2022\build\sharedlib\djpeg.dir\debug\djpeg.tlog\cl.items.tlog
e:\jpeg_vs2022\build\sharedlib\djpeg.dir\debug\djpeg.tlog\cl.read.1.tlog
e:\jpeg_vs2022\build\sharedlib\djpeg.dir\debug\djpeg.tlog\cl.write.1.tlog
e:\jpeg_vs2022\build\sharedlib\djpeg.dir\debug\djpeg.tlog\custombuild.command.1.tlog
e:\jpeg_vs2022\build\sharedlib\djpeg.dir\debug\djpeg.tlog\custombuild.read.1.tlog
e:\jpeg_vs2022\build\sharedlib\djpeg.dir\debug\djpeg.tlog\custombuild.write.1.tlog
e:\jpeg_vs2022\build\sharedlib\djpeg.dir\debug\djpeg.tlog\link.command.1.tlog
e:\jpeg_vs2022\build\sharedlib\djpeg.dir\debug\djpeg.tlog\link.read.1.tlog
e:\jpeg_vs2022\build\sharedlib\djpeg.dir\debug\djpeg.tlog\link.write.1.tlog
