e:\jpeg_vs2022\build\sharedlib\jpeg.dir\debug\vc143.pdb
e:\jpeg_vs2022\build\sharedlib\jpeg.dir\debug\jdmerge.obj
e:\jpeg_vs2022\build\sharedlib\jpeg.dir\debug\jddctmgr.obj
e:\jpeg_vs2022\build\sharedlib\jpeg.dir\debug\jdcoefct.obj
e:\jpeg_vs2022\build\sharedlib\jpeg.dir\debug\jcdctmgr.obj
e:\jpeg_vs2022\build\sharedlib\jpeg.dir\debug\jccoefct.obj
e:\jpeg_vs2022\build\sharedlib\jpeg.dir\debug\jutils.obj
e:\jpeg_vs2022\build\sharedlib\jpeg.dir\debug\jdsample.obj
e:\jpeg_vs2022\build\sharedlib\jpeg.dir\debug\jdpostct.obj
e:\jpeg_vs2022\build\sharedlib\jpeg.dir\debug\jdmainct.obj
e:\jpeg_vs2022\build\sharedlib\jpeg.dir\debug\jdlossls.obj
e:\jpeg_vs2022\build\sharedlib\jpeg.dir\debug\jddiffct.obj
e:\jpeg_vs2022\build\sharedlib\jpeg.dir\debug\jdcolor.obj
e:\jpeg_vs2022\build\sharedlib\jpeg.dir\debug\jdapistd.obj
e:\jpeg_vs2022\build\sharedlib\jpeg.dir\debug\jcsample.obj
e:\jpeg_vs2022\build\sharedlib\jpeg.dir\debug\jcprepct.obj
e:\jpeg_vs2022\build\sharedlib\jpeg.dir\debug\jcmainct.obj
e:\jpeg_vs2022\build\sharedlib\jpeg.dir\debug\jclossls.obj
e:\jpeg_vs2022\build\sharedlib\jpeg.dir\debug\jcdiffct.obj
e:\jpeg_vs2022\build\sharedlib\jpeg.dir\debug\jccolor.obj
e:\jpeg_vs2022\build\sharedlib\jpeg.dir\debug\jcapistd.obj
e:\jpeg_vs2022\build\sharedlib\jpeg.dir\debug\jdapimin.obj
e:\jpeg_vs2022\build\sharedlib\jpeg.dir\debug\jctrans.obj
e:\jpeg_vs2022\build\sharedlib\jpeg.dir\debug\jcphuff.obj
e:\jpeg_vs2022\build\sharedlib\jpeg.dir\debug\jcparam.obj
e:\jpeg_vs2022\build\sharedlib\jpeg.dir\debug\jcomapi.obj
e:\jpeg_vs2022\build\sharedlib\jpeg.dir\debug\jcmaster.obj
e:\jpeg_vs2022\build\sharedlib\jpeg.dir\debug\jcmarker.obj
e:\jpeg_vs2022\build\sharedlib\jpeg.dir\debug\jclhuff.obj
e:\jpeg_vs2022\build\sharedlib\jpeg.dir\debug\jcinit.obj
e:\jpeg_vs2022\build\sharedlib\jpeg.dir\debug\jcicc.obj
e:\jpeg_vs2022\build\sharedlib\jpeg.dir\debug\jchuff.obj
e:\jpeg_vs2022\build\sharedlib\jpeg.dir\debug\jcapimin.obj
e:\jpeg_vs2022\build\sharedlib\jpeg.dir\debug\jquant2.obj
e:\jpeg_vs2022\build\sharedlib\jpeg.dir\debug\jquant1.obj
e:\jpeg_vs2022\build\sharedlib\jpeg.dir\debug\jidctred.obj
e:\jpeg_vs2022\build\sharedlib\jpeg.dir\debug\jidctint.obj
e:\jpeg_vs2022\build\sharedlib\jpeg.dir\debug\jidctfst.obj
e:\jpeg_vs2022\build\sharedlib\jpeg.dir\debug\jidctflt.obj
e:\jpeg_vs2022\build\sharedlib\jpeg.dir\debug\jfdctint.obj
e:\jpeg_vs2022\build\sharedlib\jpeg.dir\debug\jfdctfst.obj
e:\jpeg_vs2022\build\sharedlib\jpeg.dir\debug\jdarith.obj
e:\jpeg_vs2022\build\sharedlib\jpeg.dir\debug\jcarith.obj
e:\jpeg_vs2022\build\sharedlib\jpeg.dir\debug\jaricom.obj
e:\jpeg_vs2022\build\sharedlib\jpeg.dir\debug\jpeg_nbits.obj
e:\jpeg_vs2022\build\sharedlib\jpeg.dir\debug\jmemnobs.obj
e:\jpeg_vs2022\build\sharedlib\jpeg.dir\debug\jmemmgr.obj
e:\jpeg_vs2022\build\sharedlib\jpeg.dir\debug\jfdctflt.obj
e:\jpeg_vs2022\build\sharedlib\jpeg.dir\debug\jerror.obj
e:\jpeg_vs2022\build\sharedlib\jpeg.dir\debug\jdtrans.obj
e:\jpeg_vs2022\build\sharedlib\jpeg.dir\debug\jdphuff.obj
e:\jpeg_vs2022\build\sharedlib\jpeg.dir\debug\jdmaster.obj
e:\jpeg_vs2022\build\sharedlib\jpeg.dir\debug\jdmarker.obj
e:\jpeg_vs2022\build\sharedlib\jpeg.dir\debug\jdlhuff.obj
e:\jpeg_vs2022\build\sharedlib\jpeg.dir\debug\jdinput.obj
e:\jpeg_vs2022\build\sharedlib\jpeg.dir\debug\jdicc.obj
e:\jpeg_vs2022\build\sharedlib\jpeg.dir\debug\jdhuff.obj
e:\jpeg_vs2022\build\sharedlib\jpeg.dir\debug\jdatasrc.obj
e:\jpeg_vs2022\build\sharedlib\jpeg.dir\debug\jdatadst.obj
e:\jpeg_vs2022\build\sharedlib\cmakefiles\generate.stamp
e:\jpeg_vs2022\build\sharedlib\jpeg.dir\debug\jpeg62.ilk
e:\jpeg_vs2022\build\debug\jpeg62.dll
e:\jpeg_vs2022\build\debug\jpeg62.pdb
e:\jpeg_vs2022\build\debug\jpeg.lib
e:\jpeg_vs2022\build\debug\jpeg.exp
e:\jpeg_vs2022\build\sharedlib\jpeg.dir\debug\jpeg.res
e:\jpeg_vs2022\build\sharedlib\jpeg.dir\debug\jpeg.tlog\cl.command.1.tlog
e:\jpeg_vs2022\build\sharedlib\jpeg.dir\debug\jpeg.tlog\cl.items.tlog
e:\jpeg_vs2022\build\sharedlib\jpeg.dir\debug\jpeg.tlog\cl.read.1.tlog
e:\jpeg_vs2022\build\sharedlib\jpeg.dir\debug\jpeg.tlog\cl.write.1.tlog
e:\jpeg_vs2022\build\sharedlib\jpeg.dir\debug\jpeg.tlog\custombuild.command.1.tlog
e:\jpeg_vs2022\build\sharedlib\jpeg.dir\debug\jpeg.tlog\custombuild.read.1.tlog
e:\jpeg_vs2022\build\sharedlib\jpeg.dir\debug\jpeg.tlog\custombuild.write.1.tlog
e:\jpeg_vs2022\build\sharedlib\jpeg.dir\debug\jpeg.tlog\link.command.1.tlog
e:\jpeg_vs2022\build\sharedlib\jpeg.dir\debug\jpeg.tlog\link.read.1.tlog
e:\jpeg_vs2022\build\sharedlib\jpeg.dir\debug\jpeg.tlog\link.write.1.tlog
e:\jpeg_vs2022\build\sharedlib\jpeg.dir\debug\jpeg.tlog\link.write.2u.tlog
e:\jpeg_vs2022\build\sharedlib\jpeg.dir\debug\jpeg.tlog\rc.command.1.tlog
e:\jpeg_vs2022\build\sharedlib\jpeg.dir\debug\jpeg.tlog\rc.read.1.tlog
e:\jpeg_vs2022\build\sharedlib\jpeg.dir\debug\jpeg.tlog\rc.write.1.tlog
