e:\jpeg_vs2022\build\sharedlib\cjpeg.dir\debug\vc143.pdb
e:\jpeg_vs2022\build\sharedlib\cjpeg.dir\debug\rdtarga.obj
e:\jpeg_vs2022\build\sharedlib\cjpeg.dir\debug\rdswitch.obj
e:\jpeg_vs2022\build\sharedlib\cjpeg.dir\debug\rdppm.obj
e:\jpeg_vs2022\build\sharedlib\cjpeg.dir\debug\rdgif.obj
e:\jpeg_vs2022\build\sharedlib\cjpeg.dir\debug\rdbmp.obj
e:\jpeg_vs2022\build\sharedlib\cjpeg.dir\debug\cdjpeg.obj
e:\jpeg_vs2022\build\sharedlib\cjpeg.dir\debug\cjpeg.obj
e:\jpeg_vs2022\build\sharedlib\cmakefiles\generate.stamp
e:\jpeg_vs2022\build\sharedlib\cjpeg.dir\debug\cjpeg.ilk
e:\jpeg_vs2022\build\debug\cjpeg.exe
e:\jpeg_vs2022\build\debug\cjpeg.pdb
e:\jpeg_vs2022\build\sharedlib\cjpeg.dir\debug\cjpeg.tlog\cl.command.1.tlog
e:\jpeg_vs2022\build\sharedlib\cjpeg.dir\debug\cjpeg.tlog\cl.items.tlog
e:\jpeg_vs2022\build\sharedlib\cjpeg.dir\debug\cjpeg.tlog\cl.read.1.tlog
e:\jpeg_vs2022\build\sharedlib\cjpeg.dir\debug\cjpeg.tlog\cl.write.1.tlog
e:\jpeg_vs2022\build\sharedlib\cjpeg.dir\debug\cjpeg.tlog\custombuild.command.1.tlog
e:\jpeg_vs2022\build\sharedlib\cjpeg.dir\debug\cjpeg.tlog\custombuild.read.1.tlog
e:\jpeg_vs2022\build\sharedlib\cjpeg.dir\debug\cjpeg.tlog\custombuild.write.1.tlog
e:\jpeg_vs2022\build\sharedlib\cjpeg.dir\debug\cjpeg.tlog\link.command.1.tlog
e:\jpeg_vs2022\build\sharedlib\cjpeg.dir\debug\cjpeg.tlog\link.read.1.tlog
e:\jpeg_vs2022\build\sharedlib\cjpeg.dir\debug\cjpeg.tlog\link.write.1.tlog
