e:\jpeg_vs2022\build\debug\turbojpeg-static.pdb
e:\jpeg_vs2022\build\turbojpeg-static.dir\debug\jdmerge.obj
e:\jpeg_vs2022\build\turbojpeg-static.dir\debug\jddctmgr.obj
e:\jpeg_vs2022\build\turbojpeg-static.dir\debug\jdcoefct.obj
e:\jpeg_vs2022\build\turbojpeg-static.dir\debug\jcdctmgr.obj
e:\jpeg_vs2022\build\turbojpeg-static.dir\debug\jccoefct.obj
e:\jpeg_vs2022\build\turbojpeg-static.dir\debug\jutils.obj
e:\jpeg_vs2022\build\turbojpeg-static.dir\debug\jdsample.obj
e:\jpeg_vs2022\build\turbojpeg-static.dir\debug\jdpostct.obj
e:\jpeg_vs2022\build\turbojpeg-static.dir\debug\jdmainct.obj
e:\jpeg_vs2022\build\turbojpeg-static.dir\debug\jdlossls.obj
e:\jpeg_vs2022\build\turbojpeg-static.dir\debug\jddiffct.obj
e:\jpeg_vs2022\build\turbojpeg-static.dir\debug\jdcolor.obj
e:\jpeg_vs2022\build\turbojpeg-static.dir\debug\jdapistd.obj
e:\jpeg_vs2022\build\turbojpeg-static.dir\debug\jcsample.obj
e:\jpeg_vs2022\build\turbojpeg-static.dir\debug\jcprepct.obj
e:\jpeg_vs2022\build\turbojpeg-static.dir\debug\jcmainct.obj
e:\jpeg_vs2022\build\turbojpeg-static.dir\debug\jclossls.obj
e:\jpeg_vs2022\build\turbojpeg-static.dir\debug\jcdiffct.obj
e:\jpeg_vs2022\build\turbojpeg-static.dir\debug\jccolor.obj
e:\jpeg_vs2022\build\turbojpeg-static.dir\debug\jcapistd.obj
e:\jpeg_vs2022\build\turbojpeg-static.dir\debug\jdapimin.obj
e:\jpeg_vs2022\build\turbojpeg-static.dir\debug\jctrans.obj
e:\jpeg_vs2022\build\turbojpeg-static.dir\debug\jcphuff.obj
e:\jpeg_vs2022\build\turbojpeg-static.dir\debug\jcparam.obj
e:\jpeg_vs2022\build\turbojpeg-static.dir\debug\jcomapi.obj
e:\jpeg_vs2022\build\turbojpeg-static.dir\debug\jcmaster.obj
e:\jpeg_vs2022\build\turbojpeg-static.dir\debug\jcmarker.obj
e:\jpeg_vs2022\build\turbojpeg-static.dir\debug\jclhuff.obj
e:\jpeg_vs2022\build\turbojpeg-static.dir\debug\jcinit.obj
e:\jpeg_vs2022\build\turbojpeg-static.dir\debug\jcicc.obj
e:\jpeg_vs2022\build\turbojpeg-static.dir\debug\jchuff.obj
e:\jpeg_vs2022\build\turbojpeg-static.dir\debug\jcapimin.obj
e:\jpeg_vs2022\build\turbojpeg-static.dir\debug\jquant2.obj
e:\jpeg_vs2022\build\turbojpeg-static.dir\debug\jquant1.obj
e:\jpeg_vs2022\build\turbojpeg-static.dir\debug\jidctred.obj
e:\jpeg_vs2022\build\turbojpeg-static.dir\debug\jidctint.obj
e:\jpeg_vs2022\build\turbojpeg-static.dir\debug\jidctfst.obj
e:\jpeg_vs2022\build\turbojpeg-static.dir\debug\jidctflt.obj
e:\jpeg_vs2022\build\turbojpeg-static.dir\debug\jfdctint.obj
e:\jpeg_vs2022\build\turbojpeg-static.dir\debug\jfdctfst.obj
e:\jpeg_vs2022\build\turbojpeg-static.dir\debug\transupp.obj
e:\jpeg_vs2022\build\turbojpeg-static.dir\debug\turbojpeg.obj
e:\jpeg_vs2022\build\turbojpeg-static.dir\debug\jdarith.obj
e:\jpeg_vs2022\build\turbojpeg-static.dir\debug\jcarith.obj
e:\jpeg_vs2022\build\turbojpeg-static.dir\debug\jaricom.obj
e:\jpeg_vs2022\build\turbojpeg-static.dir\debug\jpeg_nbits.obj
e:\jpeg_vs2022\build\turbojpeg-static.dir\debug\jmemnobs.obj
e:\jpeg_vs2022\build\turbojpeg-static.dir\debug\jmemmgr.obj
e:\jpeg_vs2022\build\turbojpeg-static.dir\debug\jfdctflt.obj
e:\jpeg_vs2022\build\turbojpeg-static.dir\debug\jerror.obj
e:\jpeg_vs2022\build\turbojpeg-static.dir\debug\jdtrans.obj
e:\jpeg_vs2022\build\turbojpeg-static.dir\debug\jdphuff.obj
e:\jpeg_vs2022\build\turbojpeg-static.dir\debug\jdmaster.obj
e:\jpeg_vs2022\build\turbojpeg-static.dir\debug\jdmarker.obj
e:\jpeg_vs2022\build\turbojpeg-static.dir\debug\jdlhuff.obj
e:\jpeg_vs2022\build\turbojpeg-static.dir\debug\jdinput.obj
e:\jpeg_vs2022\build\turbojpeg-static.dir\debug\jdicc.obj
e:\jpeg_vs2022\build\turbojpeg-static.dir\debug\jdhuff.obj
e:\jpeg_vs2022\build\turbojpeg-static.dir\debug\jdatasrc.obj
e:\jpeg_vs2022\build\turbojpeg-static.dir\debug\jdatadst.obj
e:\jpeg_vs2022\build\turbojpeg-static.dir\debug\wrppm.obj
e:\jpeg_vs2022\build\turbojpeg-static.dir\debug\wrbmp.obj
e:\jpeg_vs2022\build\turbojpeg-static.dir\debug\rdppm.obj
e:\jpeg_vs2022\build\turbojpeg-static.dir\debug\rdbmp.obj
e:\jpeg_vs2022\build\turbojpeg-static.dir\debug\jdatasrc-tj.obj
e:\jpeg_vs2022\build\turbojpeg-static.dir\debug\jdatadst-tj.obj
e:\jpeg_vs2022\build\cmakefiles\generate.stamp
e:\jpeg_vs2022\build\debug\turbojpeg-static.lib
e:\jpeg_vs2022\build\turbojpeg-static.dir\debug\turbojpeg-static.tlog\cl.command.1.tlog
e:\jpeg_vs2022\build\turbojpeg-static.dir\debug\turbojpeg-static.tlog\cl.items.tlog
e:\jpeg_vs2022\build\turbojpeg-static.dir\debug\turbojpeg-static.tlog\cl.read.1.tlog
e:\jpeg_vs2022\build\turbojpeg-static.dir\debug\turbojpeg-static.tlog\cl.write.1.tlog
e:\jpeg_vs2022\build\turbojpeg-static.dir\debug\turbojpeg-static.tlog\custombuild.command.1.tlog
e:\jpeg_vs2022\build\turbojpeg-static.dir\debug\turbojpeg-static.tlog\custombuild.read.1.tlog
e:\jpeg_vs2022\build\turbojpeg-static.dir\debug\turbojpeg-static.tlog\custombuild.write.1.tlog
e:\jpeg_vs2022\build\turbojpeg-static.dir\debug\turbojpeg-static.tlog\lib-link.read.1.tlog
e:\jpeg_vs2022\build\turbojpeg-static.dir\debug\turbojpeg-static.tlog\lib-link.write.1.tlog
e:\jpeg_vs2022\build\turbojpeg-static.dir\debug\turbojpeg-static.tlog\lib.command.1.tlog
