  Building Custom Rule E:/jpeg_VS2022/CMakeLists.txt
  jcapistd.c
  jccolor.c
  jcdiffct.c
  jclossls.c
  jcmainct.c
  jcprepct.c
  jcsample.c
  jdapistd.c
  jdcolor.c
  jddiffct.c
  jdlossls.c
  jdmainct.c
  jdpostct.c
  jdsample.c
  jutils.c
  jccoefct.c
  jcdctmgr.c
  jdcoefct.c
  jddctmgr.c
  jdmerge.c
  正在生成代码...
  正在编译...
  jfdctfst.c
  jfdctint.c
  jidctflt.c
  jidctfst.c
  jidctint.c
  jidctred.c
  jquant1.c
  jquant2.c
  jcapimin.c
  jchuff.c
  jcicc.c
  jcinit.c
  jclhuff.c
  jcmarker.c
  jcmaster.c
  jcomapi.c
  jcparam.c
  jcphuff.c
  jctrans.c
  jdapimin.c
  正在生成代码...
  正在编译...
  jdatadst.c
  jdatasrc.c
  jdhuff.c
  jdicc.c
  jdinput.c
  jdlhuff.c
  jdmarker.c
  jdmaster.c
  jdphuff.c
  jdtrans.c
  jerror.c
  jfdctflt.c
  jmemmgr.c
  jmemnobs.c
  jpeg_nbits.c
  jaricom.c
  jcarith.c
  jdarith.c
  turbojpeg.c
  transupp.c
E:\jpeg_VS2022\turbojpeg.h(1,1): warning C4819: 该文件包含不能在当前代码页(936)中表示的字符。请将该文件保存为 Unicode 格式以防止数据丢失
  (编译源文件“../turbojpeg.c”)
  
  正在生成代码...
  正在编译...
  jdatadst-tj.c
  jdatasrc-tj.c
  rdbmp.c
  rdppm.c
  wrbmp.c
  wrppm.c
  正在生成代码...
  turbojpeg-static.vcxproj -> E:\jpeg_VS2022\build\Debug\turbojpeg-static.lib
